{"/Users/maksymsukhetckiy/work/homework/react/homework-6/src/components/Button/Button.jsx": {"path":"/Users/maksymsukhetckiy/work/homework/react/homework-6/src/components/Button/Button.jsx","statementMap":{"0":{"start":{"line":5,"column":15},"end":{"line":7,"column":1}},"1":{"start":{"line":6,"column":4},"end":{"line":6,"column":94}},"2":{"start":{"line":11,"column":0},"end":{"line":15,"column":1}},"3":{"start":{"line":17,"column":0},"end":{"line":19,"column":1}}},"fnMap":{"0":{"name":"(anonymous_0)","decl":{"start":{"line":5,"column":15},"end":{"line":5,"column":16}},"loc":{"start":{"line":5,"column":49},"end":{"line":7,"column":1}},"line":5}},"branchMap":{},"s":{"0":1,"1":2,"2":1,"3":1},"f":{"0":2},"b":{},"_coverageSchema":"1a1c01bbd47fc00a2c39e90264f33305004495a9","hash":"80d1a8793a74e5fd6b46562f2d959747552de805"}
}
